  MainWindow.cpp
C:\Users\suhey\Desktop\WinAPILab\MainWindow.cpp(55,32): warning C4018: '<': signed/unsigned mismatch
C:\Users\suhey\Desktop\WinAPILab\MainWindow.cpp(57,36): warning C4018: '<': signed/unsigned mismatch
C:\Users\suhey\Desktop\WinAPILab\MainWindow.cpp(231,14): warning C4244: 'initializing': conversion from 'int' to 'FLOAT', possible loss of data
C:\Users\suhey\Desktop\WinAPILab\MainWindow.cpp(236,14): warning C4244: 'initializing': conversion from 'int' to 'FLOAT', possible loss of data
C:\Users\suhey\Desktop\WinAPILab\MainWindow.cpp(262,32): warning C4018: '<': signed/unsigned mismatch
C:\Users\suhey\Desktop\WinAPILab\MainWindow.cpp(264,36): warning C4018: '<': signed/unsigned mismatch
C:\Users\suhey\Desktop\WinAPILab\MainWindow.cpp(318,21): warning C4305: '+=': truncation from 'double' to 'FLOAT'
C:\Users\suhey\Desktop\WinAPILab\MainWindow.cpp(319,33): warning C4244: '+=': conversion from 'FLOAT' to 'LONG', possible loss of data
C:\Users\suhey\Desktop\WinAPILab\MainWindow.cpp(320,33): warning C4244: '+=': conversion from 'FLOAT' to 'LONG', possible loss of data
C:\Users\suhey\Desktop\WinAPILab\MainWindow.cpp(511,26): warning C4244: 'initializing': conversion from 'LONG' to 'FLOAT', possible loss of data
C:\Users\suhey\Desktop\WinAPILab\MainWindow.cpp(512,26): warning C4244: 'initializing': conversion from 'LONG' to 'FLOAT', possible loss of data
C:\Users\suhey\Desktop\WinAPILab\MainWindow.cpp(550,38): warning C4244: '=': conversion from 'double' to 'FLOAT', possible loss of data
C:\Users\suhey\Desktop\WinAPILab\MainWindow.cpp(551,42): warning C4244: '=': conversion from 'double' to 'FLOAT', possible loss of data
C:\Users\suhey\Desktop\WinAPILab\MainWindow.cpp(557,38): warning C4244: '=': conversion from 'double' to 'FLOAT', possible loss of data
C:\Users\suhey\Desktop\WinAPILab\MainWindow.cpp(558,44): warning C4244: '=': conversion from 'double' to 'FLOAT', possible loss of data
C:\Users\suhey\Desktop\WinAPILab\MainWindow.cpp(564,38): warning C4244: '=': conversion from 'double' to 'FLOAT', possible loss of data
C:\Users\suhey\Desktop\WinAPILab\MainWindow.cpp(565,44): warning C4244: '=': conversion from 'double' to 'FLOAT', possible loss of data
C:\Users\suhey\Desktop\WinAPILab\MainWindow.cpp(571,38): warning C4244: '=': conversion from 'double' to 'FLOAT', possible loss of data
C:\Users\suhey\Desktop\WinAPILab\MainWindow.cpp(572,44): warning C4244: '=': conversion from 'double' to 'FLOAT', possible loss of data
  WinAPILab.vcxproj -> C:\Users\suhey\Desktop\WinAPILab\Debug\WinAPILab.exe
